2025-10-29 17:03:27 level=info channel=Dunya_News frame=190 fps=0.0 time=00:00:05.64 speed=10.9
2025-10-29 17:03:28 level=info channel=Neo_News frame=206 fps=0.0 time=00:00:05.64 speed=10.7
2025-10-29 17:03:28 level=info channel=ARY_News frame=107 fps=0.0 time=00:00:05.61 speed=11
2025-10-29 17:03:29 level=info channel=Dawn_News frame=245 fps=0.0 time=00:00:05.64 speed=11.2
2025-10-29 17:03:31 level=info channel=Such_News_HD frame=115 fps=0.0 time=00:00:05.59 speed=10.9
2025-10-29 17:03:31 level=info channel=ABN_News frame=231 fps=0.0 time=00:00:05.64 speed=10.9
2025-10-29 17:03:38 level=info channel=Dunya_News frame=461 fps=81 time=00:00:10.80 speed=1.9
2025-10-29 17:03:38 level=info channel=ARY_News frame=234 fps=41 time=00:00:10.80 speed=1.9
2025-10-29 17:03:39 level=info channel=Neo_News frame=438 fps=85 time=00:00:10.32 speed=1.99
2025-10-29 17:03:40 level=info channel=ABN_News frame=519 fps=84 time=00:00:11.28 speed=1.82
2025-10-29 17:03:40 level=info channel=Dawn_News frame=502 fps=89 time=00:00:10.80 speed=1.91
2025-10-29 17:03:40 level=info channel=Such_News_HD frame=244 fps=43 time=00:00:10.72 speed=1.89
2025-10-29 17:03:47 level=info channel=Dunya_News frame=967 fps=60 time=00:00:21.12 speed=1.32
2025-10-29 17:03:48 level=info channel=Neo_News frame=977 fps=61 time=00:00:21.12 speed=1.32
2025-10-29 17:03:49 level=info channel=ARY_News frame=503 fps=30 time=00:00:21.60 speed=1.31
2025-10-29 17:03:50 level=info channel=Dawn_News frame=1043 fps=63 time=00:00:21.60 speed=1.31
2025-10-29 17:03:50 level=info channel=ABN_News frame=956 fps=64 time=00:00:20.04 speed=1.34
2025-10-29 17:03:51 level=info channel=Such_News_HD frame=493 fps=32 time=00:00:20.56 speed=1.33
2025-10-29 17:03:57 level=info channel=ARY_News frame=757 fps=29 time=00:00:31.39 speed=1.19
2025-10-29 17:03:58 level=info channel=Neo_News frame=1469 fps=57 time=00:00:30.84 speed=1.2
2025-10-29 17:03:59 level=info channel=Dunya_News frame=1432 fps=57 time=00:00:30.36 speed=1.2
2025-10-29 17:04:00 level=info channel=Dawn_News frame=1523 fps=58 time=00:00:31.32 speed=1.19
2025-10-29 17:04:00 level=info channel=ABN_News frame=1479 fps=59 time=00:00:30.36 speed=1.2
2025-10-29 17:04:01 level=info channel=Such_News_HD frame=751 fps=29 time=00:00:30.86 speed=1.2
2025-10-29 17:04:05 level=info channel=Neo_News frame=1959 fps=55 time=00:00:40.68 speed=1.14
2025-10-29 17:04:08 level=info channel=Neo_News frame=2318 fps=54 time=00:00:47.88 speed=1.12
2025-10-29 17:04:08 level=info channel=ARY_News frame=970 fps=28 time=00:00:40.17 speed=1.15
2025-10-29 17:04:08 level=info channel=Dunya_News frame=2030 fps=55 time=00:00:42.24 speed=1.14
2025-10-29 17:04:10 level=info channel=Dawn_News frame=2043 fps=56 time=00:00:41.76 speed=1.14
2025-10-29 17:04:10 level=info channel=Such_News_HD frame=1008 fps=28 time=00:00:41.16 speed=1.14
2025-10-29 17:04:11 level=info channel=ABN_News frame=1991 fps=56 time=00:00:40.68 speed=1.14
2025-10-29 17:04:18 level=info channel=Dunya_News frame=2518 fps=54 time=00:00:52.08 speed=1.11
2025-10-29 17:04:19 level=info channel=ARY_News frame=1244 fps=27 time=00:00:50.97 speed=1.11
2025-10-29 17:04:19 level=info channel=Neo_News frame=2422 fps=54 time=00:00:49.90 speed=1.11
2025-10-29 17:04:19 level=info channel=Dawn_News frame=2537 fps=55 time=00:00:51.48 speed=1.11
2025-10-29 17:04:20 level=info channel=ABN_News frame=2534 fps=55 time=00:00:51.48 speed=1.11
2025-10-29 17:04:20 level=info channel=Neo_News frame=2989 fps=53 time=00:01:01.30 speed=1.09
2025-10-29 17:04:20 level=info channel=Such_News_HD frame=1225 fps=27 time=00:00:49.99 speed=1.11
2025-10-29 17:04:20 level=info channel=Dunya_News frame=3004 fps=53 time=00:01:01.80 speed=1.09
2025-10-29 17:04:20 level=info channel=GTV_News_HD frame=0 fps=0.0 time=00:00:05.59 speed=11.1
2025-10-29 17:04:20 level=info channel=Dawn_News frame=2975 fps=54 time=00:01:00.24 speed=1.09
2025-10-29 17:04:20 level=info channel=Samaa_News frame=0 fps=0.0 time=00:00:05.61 speed=10.7
2025-10-29 17:04:20 level=info channel=ARY_News frame=1505 fps=27 time=00:01:01.34 speed=1.09
2025-10-29 17:05:02 level=info channel=Dunya_News frame=184 fps=0.0 time=00:00:05.64 speed=10.8
2025-10-29 17:05:03 level=info channel=ARY_News frame=120 fps=0.0 time=00:00:05.61 speed=10.9
2025-10-29 17:05:03 level=info channel=Dawn_News frame=262 fps=0.0 time=00:00:05.64 speed=10.9
2025-10-29 17:05:04 level=info channel=Neo_News frame=213 fps=0.0 time=00:00:05.64 speed=11.2
2025-10-29 17:05:05 level=info channel=ABN_News frame=234 fps=0.0 time=00:00:05.64 speed=11
2025-10-29 17:05:05 level=info channel=Such_News_HD frame=138 fps=0.0 time=00:00:05.59 speed=11.1
2025-10-29 17:05:12 level=info channel=Dunya_News frame=463 fps=75 time=00:00:11.28 speed=1.82
2025-10-29 17:05:13 level=info channel=ARY_News frame=269 fps=44 time=00:00:11.23 speed=1.82
2025-10-29 17:05:13 level=info channel=Neo_News frame=522 fps=78 time=00:00:11.76 speed=1.76
2025-10-29 17:05:14 level=info channel=Dawn_News frame=494 fps=96 time=00:00:10.32 speed=2
2025-10-29 17:05:14 level=info channel=ABN_News frame=504 fps=89 time=00:00:10.80 speed=1.9
2025-10-29 17:05:15 level=info channel=Such_News_HD frame=267 fps=47 time=00:00:10.72 speed=1.89
2025-10-29 17:05:22 level=info channel=Dunya_News frame=958 fps=60 time=00:00:21.12 speed=1.32
2025-10-29 17:05:23 level=info channel=ARY_News frame=526 fps=32 time=00:00:21.60 speed=1.31
2025-10-29 17:05:23 level=info channel=Neo_News frame=987 fps=62 time=00:00:21.12 speed=1.32
2025-10-29 17:05:24 level=info channel=Dawn_News frame=1035 fps=65 time=00:00:21.12 speed=1.32
2025-10-29 17:05:24 level=info channel=ABN_News frame=967 fps=65 time=00:00:20.04 speed=1.34
2025-10-29 17:05:25 level=info channel=Such_News_HD frame=510 fps=33 time=00:00:20.54 speed=1.33
2025-10-29 17:05:25 level=info channel=Such_News_HD frame=752 fps=30 time=00:00:30.36 speed=1.2
2025-10-29 17:05:31 level=info channel=Such_News_HD frame=768 fps=30 time=00:00:30.86 speed=1.2
2025-10-29 17:05:31 level=info channel=Dawn_News frame=1526 fps=59 time=00:00:30.84 speed=1.2
2025-10-29 17:05:31 level=info channel=Neo_News frame=1477 fps=57 time=00:00:30.84 speed=1.2
2025-10-29 17:05:31 level=info channel=ABN_News frame=1488 fps=59 time=00:00:30.36 speed=1.2
2025-10-29 17:05:31 level=info channel=GTV_News_HD frame=0 fps=0.0 time=00:00:05.56 speed=10.9
2025-10-29 17:05:31 level=info channel=ARY_News frame=759 fps=29 time=00:00:30.96 speed=1.2
2025-10-29 17:05:31 level=info channel=Dunya_News frame=1479 fps=56 time=00:00:31.44 speed=1.19
2025-10-29 17:05:31 level=info channel=Samaa_News frame=0 fps=0.0 time=00:00:05.61 speed=11.2
2025-10-29 17:05:53 level=info channel=Dunya_News frame=245 fps=0.0 time=00:00:05.64 speed=10.9
2025-10-29 17:05:53 level=info channel=ARY_News frame=120 fps=0.0 time=00:00:05.61 speed=10.9
2025-10-29 17:05:53 level=info channel=Dunya_News frame=272 fps=264 time=00:00:06.12 speed=5.93
2025-10-29 17:05:54 level=info channel=Neo_News frame=277 fps=0.0 time=00:00:05.52 speed=10.7
2025-10-29 17:05:54 level=info channel=ARY_News frame=133 fps=128 time=00:00:06.19 speed=5.96
2025-10-29 17:05:54 level=info channel=Dunya_News frame=298 fps=192 time=00:00:06.60 speed=4.25
2025-10-29 17:05:54 level=info channel=Neo_News frame=302 fps=292 time=00:00:06.00 speed=5.8
2025-10-29 17:05:54 level=info channel=ARY_News frame=147 fps=96 time=00:00:06.62 speed=4.3
2025-10-29 17:05:54 level=info channel=Dunya_News frame=325 fps=158 time=00:00:07.20 speed=3.5
2025-10-29 17:05:54 level=info channel=Samaa_News frame=0 fps=0.0 time=00:00:05.61 speed=10.8
2025-10-29 17:05:55 level=info channel=Neo_News frame=327 fps=211 time=00:00:06.48 speed=4.18
2025-10-29 17:05:55 level=info channel=Dawn_News frame=255 fps=0.0 time=00:00:05.64 speed=10.7
2025-10-29 17:05:55 level=info channel=Samaa_News frame=0 fps=0.0 time=00:00:06.19 speed=5.97
2025-10-29 17:05:55 level=info channel=Dunya_News frame=351 fps=136 time=00:00:07.68 speed=2.99
2025-10-29 17:05:55 level=info channel=ARY_News frame=157 fps=76 time=00:00:07.20 speed=3.5
2025-10-29 17:05:55 level=info channel=GTV_News_HD frame=0 fps=0.0 time=00:00:05.59 speed=11
2025-10-29 17:05:55 level=info channel=Neo_News frame=355 fps=172 time=00:00:07.08 speed=3.42
2025-10-29 17:05:55 level=info channel=Dawn_News frame=282 fps=274 time=00:00:06.12 speed=5.95
2025-10-29 17:05:55 level=info channel=Dunya_News frame=370 fps=120 time=00:00:08.16 speed=2.64
2025-10-29 17:05:55 level=info channel=ARY_News frame=171 fps=66 time=00:00:07.63 speed=2.97
2025-10-29 17:05:55 level=info channel=Samaa_News frame=0 fps=0.0 time=00:00:06.62 speed=4.26
2025-10-29 17:05:56 level=info channel=GTV_News_HD frame=0 fps=0.0 time=00:00:06.09 speed=5.97
2025-10-29 17:05:56 level=info channel=Neo_News frame=380 fps=148 time=00:00:07.56 speed=2.94
2025-10-29 17:05:56 level=info channel=ABN_News frame=193 fps=0.0 time=00:00:05.64 speed=10.8
2025-10-29 17:05:56 level=info channel=Dawn_News frame=311 fps=201 time=00:00:06.60 speed=4.27
2025-10-29 17:05:56 level=info channel=ARY_News frame=186 fps=60 time=00:00:08.20 speed=2.66
2025-10-29 17:05:56 level=info channel=Samaa_News frame=0 fps=0.0 time=00:00:07.19 speed=3.46
2025-10-29 17:05:56 level=info channel=Dunya_News frame=398 fps=110 time=00:00:08.76 speed=2.42
2025-10-29 17:05:56 level=info channel=GTV_News_HD frame=0 fps=0.0 time=00:00:06.57 speed=4.3
2025-10-29 17:05:56 level=info channel=Such_News_HD frame=135 fps=0.0 time=00:00:05.64 speed=10.7
2025-10-29 17:05:56 level=info channel=Neo_News frame=406 fps=132 time=00:00:08.04 speed=2.6
2025-10-29 17:05:56 level=info channel=ABN_News frame=218 fps=210 time=00:00:06.12 speed=5.89
2025-10-29 17:05:56 level=info channel=Dawn_News frame=329 fps=160 time=00:00:07.20 speed=3.5
2025-10-29 17:05:56 level=info channel=ARY_News frame=194 fps=54 time=00:00:08.78 speed=2.43
2025-10-29 17:05:56 level=info channel=Samaa_News frame=0 fps=0.0 time=00:00:07.63 speed=2.95
2025-10-29 17:05:56 level=info channel=Dunya_News frame=420 fps=102 time=00:00:09.24 speed=2.24
2025-10-29 17:05:57 level=info channel=GTV_News_HD frame=0 fps=0.0 time=00:00:07.00 speed=3.42
2025-10-29 17:05:57 level=info channel=Neo_News frame=431 fps=120 time=00:00:08.52 speed=2.36
2025-10-29 17:05:57 level=info channel=Such_News_HD frame=144 fps=138 time=00:00:06.12 speed=5.87
2025-10-29 17:05:57 level=info channel=ABN_News frame=247 fps=159 time=00:00:06.72 speed=4.32
2025-10-29 17:05:57 level=info channel=Dawn_News frame=359 fps=139 time=00:00:07.68 speed=2.98
2025-10-29 17:05:57 level=info channel=ARY_News frame=210 fps=51 time=00:00:09.21 speed=2.24
2025-10-29 17:05:57 level=info channel=Samaa_News frame=0 fps=0.0 time=00:00:08.20 speed=2.64
2025-10-29 17:05:57 level=info channel=Dunya_News frame=448 fps=97 time=00:00:09.72 speed=2.09
2025-10-29 17:05:57 level=info channel=GTV_News_HD frame=0 fps=0.0 time=00:00:07.60 speed=2.96
2025-10-29 17:05:57 level=info channel=Neo_News frame=456 fps=111 time=00:00:09.12 speed=2.21
2025-10-29 17:05:57 level=info channel=Such_News_HD frame=159 fps=102 time=00:00:06.64 speed=4.26
2025-10-29 17:05:57 level=info channel=ABN_News frame=272 fps=131 time=00:00:07.20 speed=3.48
2025-10-29 17:05:57 level=info channel=Dawn_News frame=384 fps=124 time=00:00:08.16 speed=2.64
2025-10-29 17:05:57 level=info channel=Dunya_News frame=480 fps=93 time=00:00:10.20 speed=1.98
2025-10-29 17:05:57 level=info channel=Samaa_News frame=0 fps=0.0 time=00:00:08.78 speed=2.42
2025-10-29 17:05:57 level=info channel=ARY_News frame=227 fps=49 time=00:00:09.79 speed=2.11
2025-10-29 17:05:58 level=info channel=GTV_News_HD frame=0 fps=0.0 time=00:00:08.08 speed=2.62
2025-10-29 17:05:58 level=info channel=Neo_News frame=483 fps=104 time=00:00:09.60 speed=2.07
2025-10-29 17:05:58 level=info channel=Such_News_HD frame=165 fps=80 time=00:00:07.17 speed=3.46
2025-10-29 17:05:58 level=info channel=ABN_News frame=303 fps=117 time=00:00:07.68 speed=2.97
2025-10-29 17:05:58 level=info channel=ARY_News frame=232 fps=45 time=00:00:10.22 speed=1.98
2025-10-29 17:05:58 level=info channel=Dawn_News frame=408 fps=113 time=00:00:08.76 speed=2.43
2025-10-29 17:05:58 level=info channel=Dunya_News frame=505 fps=89 time=00:00:10.80 speed=1.9
2025-10-29 17:05:58 level=info channel=Samaa_News frame=0 fps=0.0 time=00:00:09.21 speed=2.23
2025-10-29 17:05:58 level=info channel=GTV_News_HD frame=0 fps=0.0 time=00:00:08.68 speed=2.41
2025-10-29 17:05:58 level=info channel=Neo_News frame=509 fps=99 time=00:00:10.08 speed=1.95
2025-10-29 17:05:58 level=info channel=Such_News_HD frame=183 fps=71 time=00:00:07.68 speed=2.96
2025-10-29 17:05:58 level=info channel=ABN_News frame=330 fps=106 time=00:00:08.16 speed=2.63
2025-10-29 17:05:58 level=info channel=Dawn_News frame=432 fps=105 time=00:00:09.24 speed=2.24
2025-10-29 17:05:58 level=info channel=Dunya_News frame=534 fps=86 time=00:00:11.28 speed=1.82
2025-10-29 17:05:58 level=info channel=Samaa_News frame=0 fps=0.0 time=00:00:09.79 speed=2.1
2025-10-29 17:05:58 level=info channel=ARY_News frame=249 fps=44 time=00:00:10.80 speed=1.9
2025-10-29 17:05:59 level=info channel=GTV_News_HD frame=0 fps=0.0 time=00:00:09.19 speed=2.23
2025-10-29 17:05:59 level=info channel=Neo_News frame=532 fps=94 time=00:00:10.68 speed=1.88
2025-10-29 17:05:59 level=info channel=Such_News_HD frame=197 fps=63 time=00:00:08.20 speed=2.64
2025-10-29 17:05:59 level=info channel=ABN_News frame=359 fps=99 time=00:00:08.76 speed=2.42
2025-10-29 17:05:59 level=info channel=Dawn_News frame=466 fps=100 time=00:00:09.72 speed=2.09
2025-10-29 17:05:59 level=info channel=ARY_News frame=264 fps=43 time=00:00:11.23 speed=1.81
2025-10-29 17:05:59 level=info channel=Dunya_News frame=552 fps=82 time=00:00:11.76 speed=1.75
2025-10-29 17:05:59 level=info channel=Samaa_News frame=0 fps=0.0 time=00:00:10.22 speed=1.98
2025-10-29 17:05:59 level=info channel=GTV_News_HD frame=0 fps=0.0 time=00:00:09.72 speed=2.1
2025-10-29 17:05:59 level=info channel=Such_News_HD frame=211 fps=58 time=00:00:08.73 speed=2.41
2025-10-29 17:05:59 level=info channel=Neo_News frame=559 fps=90 time=00:00:11.16 speed=1.8
2025-10-29 17:05:59 level=info channel=ABN_News frame=385 fps=93 time=00:00:09.24 speed=2.23
2025-10-29 17:05:59 level=info channel=Dawn_News frame=491 fps=95 time=00:00:10.20 speed=1.98
2025-10-29 17:05:59 level=info channel=ARY_News frame=273 fps=41 time=00:00:11.80 speed=1.76
2025-10-29 17:05:59 level=info channel=Samaa_News frame=0 fps=0.0 time=00:00:10.79 speed=1.9
2025-10-29 17:05:59 level=info channel=Dunya_News frame=584 fps=81 time=00:00:12.36 speed=1.71
2025-10-29 17:06:00 level=info channel=GTV_News_HD frame=0 fps=0.0 time=00:00:10.22 speed=1.98
2025-10-29 17:06:00 level=info channel=Such_News_HD frame=227 fps=55 time=00:00:09.21 speed=2.23
2025-10-29 17:06:00 level=info channel=Neo_News frame=583 fps=87 time=00:00:11.64 speed=1.74
2025-10-29 17:06:00 level=info channel=ABN_News frame=407 fps=87 time=00:00:09.72 speed=2.09
2025-10-29 17:06:00 level=info channel=Dawn_News frame=513 fps=90 time=00:00:10.80 speed=1.9
2025-10-29 17:06:00 level=info channel=ARY_News frame=287 fps=40 time=00:00:12.38 speed=1.72
2025-10-29 17:06:00 level=info channel=Dunya_News frame=610 fps=79 time=00:00:12.84 speed=1.66
2025-10-29 17:06:00 level=info channel=Samaa_News frame=0 fps=0.0 time=00:00:11.37 speed=1.83
2025-10-29 17:06:00 level=info channel=GTV_News_HD frame=0 fps=0.0 time=00:00:10.75 speed=1.9
2025-10-29 17:06:00 level=info channel=Neo_News frame=611 fps=85 time=00:00:12.24 speed=1.69
2025-10-29 17:06:00 level=info channel=Such_News_HD frame=236 fps=51 time=00:00:09.74 speed=2.09
2025-10-29 17:06:00 level=info channel=ABN_News frame=432 fps=84 time=00:00:10.32 speed=2
2025-10-29 17:06:00 level=info channel=Dawn_News frame=543 fps=88 time=00:00:11.28 speed=1.82
2025-10-29 17:06:00 level=info channel=Dunya_News frame=637 fps=77 time=00:00:13.32 speed=1.62
2025-10-29 17:06:00 level=info channel=Samaa_News frame=0 fps=0.0 time=00:00:11.80 speed=1.76
2025-10-29 17:06:00 level=info channel=ARY_News frame=304 fps=39 time=00:00:12.81 speed=1.66
2025-10-29 17:06:01 level=info channel=GTV_News_HD frame=0 fps=0.0 time=00:00:11.25 speed=1.82
2025-10-29 17:06:01 level=info channel=Neo_News frame=637 fps=82 time=00:00:12.72 speed=1.65
2025-10-29 17:06:01 level=info channel=Such_News_HD frame=251 fps=48 time=00:00:10.27 speed=1.98
2025-10-29 17:06:01 level=info channel=ABN_News frame=455 fps=80 time=00:00:10.80 speed=1.9
2025-10-29 17:06:01 level=info channel=Dawn_News frame=568 fps=85 time=00:00:11.76 speed=1.76
2025-10-29 17:06:01 level=info channel=Samaa_News frame=0 fps=0.0 time=00:00:12.38 speed=1.71
2025-10-29 17:06:01 level=info channel=Dunya_News frame=663 fps=76 time=00:00:13.92 speed=1.59
2025-10-29 17:06:01 level=info channel=ARY_News frame=313 fps=38 time=00:00:13.39 speed=1.62
2025-10-29 17:06:01 level=info channel=GTV_News_HD frame=0 fps=0.0 time=00:00:11.68 speed=1.75
2025-10-29 17:06:01 level=info channel=Neo_News frame=663 fps=80 time=00:00:13.20 speed=1.6
2025-10-29 17:06:01 level=info channel=Such_News_HD frame=263 fps=46 time=00:00:10.77 speed=1.89
2025-10-29 17:06:01 level=info channel=ABN_News frame=483 fps=78 time=00:00:11.28 speed=1.82
2025-10-29 17:06:01 level=info channel=Dawn_News frame=591 fps=82 time=00:00:12.36 speed=1.71
2025-10-29 17:06:01 level=info channel=ARY_News frame=325 fps=37 time=00:00:13.82 speed=1.58
2025-10-29 17:06:01 level=info channel=Dunya_News frame=688 fps=74 time=00:00:14.40 speed=1.55
2025-10-29 17:06:01 level=info channel=Samaa_News frame=0 fps=0.0 time=00:00:12.81 speed=1.66
2025-10-29 17:06:02 level=info channel=GTV_News_HD frame=0 fps=0.0 time=00:00:12.26 speed=1.7
2025-10-29 17:06:02 level=info channel=Neo_News frame=688 fps=78 time=00:00:13.68 speed=1.56
2025-10-29 17:06:02 level=info channel=Such_News_HD frame=279 fps=45 time=00:00:11.30 speed=1.82
2025-10-29 17:06:02 level=info channel=Dawn_News frame=621 fps=80 time=00:00:12.84 speed=1.66
2025-10-29 17:06:02 level=info channel=Dunya_News frame=713 fps=73 time=00:00:14.88 speed=1.52
2025-10-29 17:06:02 level=info channel=ARY_News frame=343 fps=37 time=00:00:14.40 speed=1.55
2025-10-29 17:06:02 level=info channel=Samaa_News frame=0 fps=0.0 time=00:00:13.39 speed=1.62
2025-10-29 17:06:02 level=info channel=ABN_News frame=519 fps=77 time=00:00:11.88 speed=1.77
2025-10-29 17:06:02 level=info channel=GTV_News_HD frame=0 fps=0.0 time=00:00:12.79 speed=1.66
2025-10-29 17:06:02 level=info channel=Neo_News frame=716 fps=77 time=00:00:14.28 speed=1.54
2025-10-29 17:06:02 level=info channel=Such_News_HD frame=291 fps=43 time=00:00:11.80 speed=1.76
2025-10-29 17:06:02 level=info channel=ABN_News frame=536 fps=74 time=00:00:12.36 speed=1.71
2025-10-29 17:06:02 level=info channel=Dawn_News frame=647 fps=78 time=00:00:13.32 speed=1.62
2025-10-29 17:06:02 level=info channel=ARY_News frame=351 fps=36 time=00:00:14.83 speed=1.52
2025-10-29 17:06:02 level=info channel=Samaa_News frame=0 fps=0.0 time=00:00:13.82 speed=1.58
2025-10-29 17:06:02 level=info channel=Dunya_News frame=742 fps=72 time=00:00:15.36 speed=1.49
2025-10-29 17:06:03 level=info channel=GTV_News_HD frame=0 fps=0.0 time=00:00:13.32 speed=1.62
2025-10-29 17:06:03 level=info channel=Neo_News frame=741 fps=76 time=00:00:14.76 speed=1.51
2025-10-29 17:06:03 level=info channel=Such_News_HD frame=304 fps=42 time=00:00:12.33 speed=1.71
2025-10-29 17:06:03 level=info channel=Dawn_News frame=671 fps=77 time=00:00:13.92 speed=1.59
2025-10-29 17:06:03 level=info channel=ABN_News frame=567 fps=73 time=00:00:12.84 speed=1.66
2025-10-29 17:06:03 level=info channel=ARY_News frame=364 fps=35 time=00:00:15.40 speed=1.5
2025-10-29 17:06:03 level=info channel=Samaa_News frame=0 fps=0.0 time=00:00:14.39 speed=1.55
2025-10-29 17:06:03 level=info channel=Dunya_News frame=767 fps=71 time=00:00:15.96 speed=1.47
2025-10-29 17:06:03 level=info channel=GTV_News_HD frame=0 fps=0.0 time=00:00:13.82 speed=1.58
2025-10-29 17:06:03 level=info channel=Neo_News frame=767 fps=74 time=00:00:15.24 speed=1.48
2025-10-29 17:06:03 level=info channel=Such_News_HD frame=318 fps=41 time=00:00:12.86 speed=1.66
2025-10-29 17:06:03 level=info channel=ABN_News frame=588 fps=71 time=00:00:13.44 speed=1.62
2025-10-29 17:06:03 level=info channel=Dawn_News frame=701 fps=75 time=00:00:14.40 speed=1.55
2025-10-29 17:06:03 level=info channel=Samaa_News frame=0 fps=0.0 time=00:00:14.97 speed=1.53
2025-10-29 17:06:04 level=info channel=ARY_News frame=379 fps=35 time=00:00:15.98 speed=1.47
2025-10-29 17:06:04 level=info channel=Dunya_News frame=791 fps=70 time=00:00:16.44 speed=1.45
2025-10-29 17:06:04 level=info channel=GTV_News_HD frame=0 fps=0.0 time=00:00:14.35 speed=1.55
2025-10-29 17:06:04 level=info channel=Neo_News frame=791 fps=73 time=00:00:15.84 speed=1.46
2025-10-29 17:06:04 level=info channel=Such_News_HD frame=331 fps=40 time=00:00:13.34 speed=1.61
2025-10-29 17:06:04 level=info channel=Dunya_News frame=813 fps=69 time=00:00:16.92 speed=1.43
2025-10-29 17:06:04 level=info channel=Samaa_News frame=0 fps=0.0 time=00:00:15.40 speed=1.49
2025-10-29 17:06:04 level=info channel=ARY_News frame=387 fps=34 time=00:00:16.41 speed=1.45
2025-10-29 17:06:04 level=info channel=Dawn_News frame=725 fps=74 time=00:00:15.00 speed=1.52
2025-10-29 17:06:04 level=info channel=ABN_News frame=616 fps=70 time=00:00:13.92 speed=1.58
2025-10-29 17:06:04 level=info channel=GTV_News_HD frame=0 fps=0.0 time=00:00:14.80 speed=1.51
2025-10-29 17:06:04 level=info channel=Neo_News frame=813 fps=72 time=00:00:16.32 speed=1.44
2025-10-29 17:06:04 level=info channel=Such_News_HD frame=345 fps=39 time=00:00:13.87 speed=1.58
2025-10-29 17:06:05 level=info channel=Dunya_News frame=837 fps=68 time=00:00:17.52 speed=1.42
2025-10-29 17:06:05 level=info channel=ABN_News frame=649 fps=69 time=00:00:14.40 speed=1.54
2025-10-29 17:06:05 level=info channel=ARY_News frame=404 fps=34 time=00:00:16.99 speed=1.43
2025-10-29 17:06:05 level=info channel=Samaa_News frame=0 fps=0.0 time=00:00:15.98 speed=1.47
2025-10-29 17:06:05 level=info channel=Dawn_News frame=751 fps=72 time=00:00:15.48 speed=1.49
2025-10-29 17:06:05 level=info channel=GTV_News_HD frame=0 fps=0.0 time=00:00:15.28 speed=1.48
2025-10-29 17:06:05 level=info channel=Neo_News frame=841 fps=71 time=00:00:16.80 speed=1.42
2025-10-29 17:06:05 level=info channel=Such_News_HD frame=358 fps=38 time=00:00:14.40 speed=1.55
2025-10-29 17:06:05 level=info channel=Dawn_News frame=776 fps=71 time=00:00:15.96 speed=1.47
2025-10-29 17:06:05 level=info channel=Samaa_News frame=0 fps=0.0 time=00:00:16.41 speed=1.45
2025-10-29 17:06:05 level=info channel=ARY_News frame=417 fps=34 time=00:00:17.56 speed=1.42
2025-10-29 17:06:05 level=info channel=Dunya_News frame=869 fps=67 time=00:00:18.00 speed=1.4
2025-10-29 17:06:05 level=info channel=ABN_News frame=671 fps=68 time=00:00:15.00 speed=1.52
2025-10-29 17:06:05 level=info channel=Neo_News frame=870 fps=70 time=00:00:17.28 speed=1.4
2025-10-29 17:06:05 level=info channel=GTV_News_HD frame=0 fps=0.0 time=00:00:15.88 speed=1.47
2025-10-29 17:06:05 level=info channel=Such_News_HD frame=371 fps=38 time=00:00:14.92 speed=1.52
2025-10-29 17:06:06 level=info channel=Samaa_News frame=0 fps=0.0 time=00:00:16.99 speed=1.43
2025-10-29 17:06:06 level=info channel=Dunya_News frame=893 fps=67 time=00:00:18.48 speed=1.38
2025-10-29 17:06:06 level=info channel=Dawn_News frame=804 fps=71 time=00:00:16.44 speed=1.44
2025-10-29 17:06:06 level=info channel=ABN_News frame=697 fps=67 time=00:00:15.48 speed=1.49
2025-10-29 17:06:06 level=info channel=ARY_News frame=428 fps=33 time=00:00:18.00 speed=1.39
2025-10-29 17:06:06 level=info channel=GTV_News_HD frame=0 fps=0.0 time=00:00:16.41 speed=1.45
2025-10-29 17:06:06 level=info channel=Neo_News frame=893 fps=69 time=00:00:17.88 speed=1.39
2025-10-29 17:06:06 level=info channel=Such_News_HD frame=384 fps=37 time=00:00:15.43 speed=1.49
2025-10-29 17:06:06 level=info channel=Samaa_News frame=0 fps=0.0 time=00:00:17.56 speed=1.42
2025-10-29 17:06:06 level=info channel=Dawn_News frame=830 fps=70 time=00:00:17.04 speed=1.43
2025-10-29 17:06:06 level=info channel=ABN_News frame=724 fps=66 time=00:00:15.96 speed=1.46
2025-10-29 17:06:06 level=info channel=Dunya_News frame=919 fps=66 time=00:00:19.08 speed=1.37
2025-10-29 17:06:06 level=info channel=ARY_News frame=443 fps=33 time=00:00:18.57 speed=1.38
2025-10-29 17:06:06 level=info channel=GTV_News_HD frame=0 fps=0.0 time=00:00:16.94 speed=1.43
2025-10-29 17:06:06 level=info channel=Neo_News frame=920 fps=69 time=00:00:18.36 speed=1.37
2025-10-29 17:06:07 level=info channel=Such_News_HD frame=397 fps=37 time=00:00:15.96 speed=1.47
2025-10-29 17:06:07 level=info channel=Dunya_News frame=946 fps=66 time=00:00:19.56 speed=1.35
2025-10-29 17:06:07 level=info channel=Samaa_News frame=0 fps=0.0 time=00:00:17.99 speed=1.39
2025-10-29 17:06:07 level=info channel=ABN_News frame=743 fps=65 time=00:00:16.56 speed=1.45
2025-10-29 17:06:07 level=info channel=Dawn_News frame=855 fps=69 time=00:00:17.52 speed=1.41
2025-10-29 17:06:07 level=info channel=ARY_News frame=458 fps=33 time=00:00:19.00 speed=1.36
2025-10-29 17:06:07 level=info channel=GTV_News_HD frame=0 fps=0.0 time=00:00:17.42 speed=1.41
2025-10-29 17:06:07 level=info channel=Neo_News frame=945 fps=68 time=00:00:18.84 speed=1.35
2025-10-29 17:06:07 level=info channel=Such_News_HD frame=410 fps=36 time=00:00:16.48 speed=1.45
2025-10-29 17:06:07 level=info channel=Samaa_News frame=0 fps=0.0 time=00:00:18.57 speed=1.38
2025-10-29 17:06:07 level=info channel=Dawn_News frame=880 fps=68 time=00:00:18.00 speed=1.39
2025-10-29 17:06:07 level=info channel=Dunya_News frame=969 fps=65 time=00:00:20.04 speed=1.34
2025-10-29 17:06:07 level=info channel=ARY_News frame=468 fps=32 time=00:00:19.58 speed=1.35
2025-10-29 17:06:07 level=info channel=ABN_News frame=767 fps=64 time=00:00:17.04 speed=1.43
2025-10-29 17:06:07 level=info channel=GTV_News_HD frame=0 fps=0.0 time=00:00:17.95 speed=1.39
2025-10-29 17:06:07 level=info channel=Neo_News frame=971 fps=67 time=00:00:19.44 speed=1.35
2025-10-29 17:06:08 level=info channel=Such_News_HD frame=423 fps=36 time=00:00:16.99 speed=1.43
2025-10-29 17:06:08 level=info channel=ABN_News frame=798 fps=64 time=00:00:17.52 speed=1.41
2025-10-29 17:06:08 level=info channel=Dawn_News frame=906 fps=67 time=00:00:18.60 speed=1.38
2025-10-29 17:06:08 level=info channel=Dunya_News frame=998 fps=65 time=00:00:20.52 speed=1.33
2025-10-29 17:06:08 level=info channel=ARY_News frame=486 fps=32 time=00:00:20.01 speed=1.34
2025-10-29 17:06:08 level=info channel=Samaa_News frame=0 fps=0.0 time=00:00:19.00 speed=1.36
2025-10-29 17:06:08 level=info channel=GTV_News_HD frame=0 fps=0.0 time=00:00:18.40 speed=1.37
2025-10-29 17:06:08 level=info channel=Such_News_HD frame=435 fps=35 time=00:00:17.52 speed=1.41
2025-10-29 17:06:08 level=info channel=Neo_News frame=999 fps=67 time=00:00:19.92 speed=1.33
2025-10-29 17:06:08 level=info channel=ARY_News frame=494 fps=32 time=00:00:20.59 speed=1.33
2025-10-29 17:06:08 level=info channel=Dawn_News frame=933 fps=67 time=00:00:19.08 speed=1.37
2025-10-29 17:06:08 level=info channel=Dunya_News frame=1023 fps=64 time=00:00:21.12 speed=1.32
2025-10-29 17:06:08 level=info channel=ABN_News frame=823 fps=63 time=00:00:18.12 speed=1.4
2025-10-29 17:06:08 level=info channel=Samaa_News frame=0 fps=0.0 time=00:00:19.58 speed=1.35
2025-10-29 17:06:08 level=info channel=GTV_News_HD frame=0 fps=0.0 time=00:00:18.98 speed=1.36
2025-10-29 17:06:09 level=info channel=Neo_News frame=1023 fps=66 time=00:00:20.40 speed=1.32
2025-10-29 17:06:09 level=info channel=Such_News_HD frame=447 fps=35 time=00:00:18.04 speed=1.4
2025-10-29 17:06:09 level=info channel=ABN_News frame=850 fps=63 time=00:00:18.60 speed=1.38
2025-10-29 17:06:09 level=info channel=Dunya_News frame=1047 fps=63 time=00:00:21.60 speed=1.31
2025-10-29 17:06:09 level=info channel=Samaa_News frame=0 fps=0.0 time=00:00:20.01 speed=1.34
2025-10-29 17:06:09 level=info channel=Dawn_News frame=957 fps=66 time=00:00:19.56 speed=1.35
2025-10-29 17:06:09 level=info channel=ARY_News frame=508 fps=32 time=00:00:21.16 speed=1.32
2025-10-29 17:06:09 level=info channel=GTV_News_HD frame=0 fps=0.0 time=00:00:19.48 speed=1.35
2025-10-29 17:06:09 level=info channel=Neo_News frame=1048 fps=66 time=00:00:21.00 speed=1.31
2025-10-29 17:06:09 level=info channel=Such_News_HD frame=461 fps=34 time=00:00:18.52 speed=1.38
2025-10-29 17:06:09 level=info channel=Dawn_News frame=984 fps=66 time=00:00:20.16 speed=1.34
2025-10-29 17:06:09 level=info channel=Dunya_News frame=1075 fps=63 time=00:00:22.08 speed=1.3
2025-10-29 17:06:09 level=info channel=ABN_News frame=879 fps=63 time=00:00:19.08 speed=1.36
2025-10-29 17:06:09 level=info channel=ARY_News frame=520 fps=31 time=00:00:21.60 speed=1.31
2025-10-29 17:06:09 level=info channel=Samaa_News frame=0 fps=0.0 time=00:00:20.59 speed=1.33
2025-10-29 17:06:10 level=info channel=GTV_News_HD frame=0 fps=0.0 time=00:00:20.01 speed=1.34
2025-10-29 17:06:10 level=info channel=Neo_News frame=1076 fps=65 time=00:00:21.48 speed=1.3
2025-10-29 17:06:10 level=info channel=Such_News_HD frame=474 fps=34 time=00:00:19.05 speed=1.36
2025-10-29 17:06:10 level=info channel=Dunya_News frame=1094 fps=62 time=00:00:22.68 speed=1.29
2025-10-29 17:06:10 level=info channel=ABN_News frame=897 fps=62 time=00:00:19.56 speed=1.35
2025-10-29 17:06:10 level=info channel=Samaa_News frame=0 fps=0.0 time=00:00:21.16 speed=1.32
2025-10-29 17:06:10 level=info channel=Dawn_News frame=1010 fps=65 time=00:00:20.64 speed=1.33
2025-10-29 17:06:10 level=info channel=ARY_News frame=534 fps=31 time=00:00:22.17 speed=1.3
2025-10-29 17:06:10 level=info channel=GTV_News_HD frame=0 fps=0.0 time=00:00:20.49 speed=1.33
2025-10-29 17:06:10 level=info channel=Neo_News frame=1102 fps=65 time=00:00:21.96 speed=1.29
2025-10-29 17:06:10 level=info channel=Such_News_HD frame=487 fps=34 time=00:00:19.56 speed=1.35
2025-10-29 17:06:10 level=info channel=Samaa_News frame=0 fps=0.0 time=00:00:21.59 speed=1.31
2025-10-29 17:06:10 level=info channel=Dawn_News frame=1035 fps=65 time=00:00:21.12 speed=1.32
2025-10-29 17:06:10 level=info channel=ARY_News frame=545 fps=31 time=00:00:22.60 speed=1.29
2025-10-29 17:06:10 level=info channel=Dunya_News frame=1119 fps=62 time=00:00:23.16 speed=1.28
2025-10-29 17:06:10 level=info channel=ABN_News frame=927 fps=62 time=00:00:20.16 speed=1.34
2025-10-29 17:06:11 level=info channel=GTV_News_HD frame=0 fps=0.0 time=00:00:21.02 speed=1.32
2025-10-29 17:06:11 level=info channel=Neo_News frame=1121 fps=64 time=00:00:22.44 speed=1.28
2025-10-29 17:06:11 level=info channel=Such_News_HD frame=500 fps=33 time=00:00:20.08 speed=1.34
2025-10-29 17:06:11 level=info channel=Samaa_News frame=0 fps=0.0 time=00:00:22.17 speed=1.3
2025-10-29 17:06:11 level=info channel=Dunya_News frame=1148 fps=62 time=00:00:23.64 speed=1.27
2025-10-29 17:06:11 level=info channel=ABN_News frame=951 fps=61 time=00:00:20.64 speed=1.33
2025-10-29 17:06:11 level=info channel=Dawn_News frame=1061 fps=64 time=00:00:21.60 speed=1.31
2025-10-29 17:06:11 level=info channel=ARY_News frame=560 fps=31 time=00:00:23.18 speed=1.28
2025-10-29 17:06:11 level=info channel=GTV_News_HD frame=0 fps=0.0 time=00:00:21.52 speed=1.31
2025-10-29 17:06:11 level=info channel=Such_News_HD frame=508 fps=33 time=00:00:20.56 speed=1.33
2025-10-29 17:06:11 level=info channel=Neo_News frame=1151 fps=64 time=00:00:23.04 speed=1.28
2025-10-29 17:06:11 level=info channel=Dunya_News frame=1175 fps=62 time=00:00:24.12 speed=1.26
2025-10-29 17:06:11 level=info channel=ARY_News frame=570 fps=31 time=00:00:23.76 speed=1.28
2025-10-29 17:06:11 level=info channel=Dawn_News frame=1087 fps=64 time=00:00:22.20 speed=1.3
2025-10-29 17:06:11 level=info channel=Samaa_News frame=0 fps=0.0 time=00:00:22.60 speed=1.29
2025-10-29 17:06:11 level=info channel=ABN_News frame=975 fps=61 time=00:00:21.12 speed=1.32
2025-10-29 17:06:12 level=info channel=GTV_News_HD frame=0 fps=0.0 time=00:00:22.00 speed=1.29
2025-10-29 17:06:12 level=info channel=Neo_News frame=1177 fps=63 time=00:00:23.52 speed=1.27
2025-10-29 17:06:12 level=info channel=Such_News_HD frame=521 fps=33 time=00:00:21.09 speed=1.32
2025-10-29 17:06:12 level=info channel=Dunya_News frame=1201 fps=61 time=00:00:24.72 speed=1.26
2025-10-29 17:06:12 level=info channel=Samaa_News frame=0 fps=0.0 time=00:00:23.18 speed=1.28
2025-10-29 17:06:12 level=info channel=Dawn_News frame=1111 fps=63 time=00:00:22.68 speed=1.29
2025-10-29 17:06:12 level=info channel=ARY_News frame=586 fps=31 time=00:00:24.19 speed=1.27
2025-10-29 17:06:12 level=info channel=ABN_News frame=1007 fps=61 time=00:00:21.72 speed=1.31
2025-10-29 17:06:12 level=info channel=GTV_News_HD frame=0 fps=0.0 time=00:00:22.60 speed=1.29
2025-10-29 17:06:12 level=info channel=Neo_News frame=1200 fps=63 time=00:00:24.00 speed=1.26
2025-10-29 17:06:12 level=info channel=Such_News_HD frame=535 fps=32 time=00:00:21.62 speed=1.31
2025-10-29 17:06:12 level=info channel=Dunya_News frame=1229 fps=61 time=00:00:25.20 speed=1.25
2025-10-29 17:06:12 level=info channel=Samaa_News frame=0 fps=0.0 time=00:00:23.61 speed=1.27
2025-10-29 17:06:12 level=info channel=Dawn_News frame=1129 fps=62 time=00:00:23.16 speed=1.28
2025-10-29 17:06:12 level=info channel=ABN_News frame=1033 fps=60 time=00:00:22.20 speed=1.3
2025-10-29 17:06:12 level=info channel=ARY_News frame=598 fps=31 time=00:00:24.76 speed=1.26
2025-10-29 17:06:13 level=info channel=GTV_News_HD frame=0 fps=0.0 time=00:00:23.08 speed=1.28
2025-10-29 17:06:13 level=info channel=Neo_News frame=1224 fps=62 time=00:00:24.60 speed=1.26
2025-10-29 17:06:13 level=info channel=Such_News_HD frame=552 fps=32 time=00:00:22.12 speed=1.3
2025-10-29 17:06:13 level=info channel=Dunya_News frame=1251 fps=61 time=00:00:25.68 speed=1.25
2025-10-29 17:06:13 level=info channel=Dawn_News frame=1164 fps=63 time=00:00:23.76 speed=1.28
2025-10-29 17:06:13 level=info channel=ARY_News frame=606 fps=30 time=00:00:25.20 speed=1.25
2025-10-29 17:06:13 level=info channel=Samaa_News frame=0 fps=0.0 time=00:00:24.19 speed=1.27
2025-10-29 17:06:13 level=info channel=ABN_News frame=1055 fps=60 time=00:00:22.68 speed=1.29
2025-10-29 17:06:13 level=info channel=GTV_News_HD frame=0 fps=0.0 time=00:00:23.64 speed=1.27
2025-10-29 17:06:13 level=info channel=Neo_News frame=1256 fps=62 time=00:00:25.08 speed=1.25
2025-10-29 17:06:13 level=info channel=Such_News_HD frame=559 fps=32 time=00:00:22.65 speed=1.29
2025-10-29 17:06:13 level=info channel=Samaa_News frame=0 fps=0.0 time=00:00:24.76 speed=1.26
2025-10-29 17:06:13 level=info channel=Dunya_News frame=1279 fps=61 time=00:00:26.28 speed=1.24
2025-10-29 17:06:13 level=info channel=ARY_News frame=626 fps=30 time=00:00:25.77 speed=1.25
2025-10-29 17:06:13 level=info channel=Dawn_News frame=1191 fps=62 time=00:00:24.24 speed=1.27
2025-10-29 17:06:13 level=info channel=ABN_News frame=1079 fps=60 time=00:00:23.28 speed=1.28
2025-10-29 17:06:14 level=info channel=GTV_News_HD frame=0 fps=0.0 time=00:00:24.14 speed=1.27
2025-10-29 17:06:14 level=info channel=Neo_News frame=1279 fps=62 time=00:00:25.56 speed=1.24
2025-10-29 17:06:14 level=info channel=Such_News_HD frame=569 fps=31 time=00:00:23.18 speed=1.28
2025-10-29 17:06:14 level=info channel=ABN_News frame=1105 fps=59 time=00:00:23.76 speed=1.27
2025-10-29 17:06:14 level=info channel=Samaa_News frame=0 fps=0.0 time=00:00:25.19 speed=1.25
2025-10-29 17:06:14 level=info channel=Dawn_News frame=1215 fps=62 time=00:00:24.72 speed=1.26
2025-10-29 17:06:14 level=info channel=Dunya_News frame=1306 fps=60 time=00:00:26.76 speed=1.24
2025-10-29 17:06:14 level=info channel=ARY_News frame=635 fps=30 time=00:00:26.20 speed=1.24
2025-10-29 17:06:14 level=info channel=GTV_News_HD frame=0 fps=0.0 time=00:00:24.60 speed=1.25
2025-10-29 17:06:14 level=info channel=Neo_News frame=1309 fps=62 time=00:00:26.16 speed=1.24
2025-10-29 17:06:14 level=info channel=Such_News_HD frame=586 fps=32 time=00:00:23.68 speed=1.27
2025-10-29 17:06:14 level=info channel=Samaa_News frame=0 fps=0.0 time=00:00:25.77 speed=1.25
2025-10-29 17:06:14 level=info channel=Dawn_News frame=1240 fps=62 time=00:00:25.32 speed=1.26
2025-10-29 17:06:14 level=info channel=ABN_News frame=1134 fps=59 time=00:00:24.24 speed=1.27
2025-10-29 17:06:14 level=info channel=Dunya_News frame=1335 fps=60 time=00:00:27.24 speed=1.23
2025-10-29 17:06:14 level=info channel=ARY_News frame=651 fps=30 time=00:00:26.78 speed=1.24
2025-10-29 17:06:15 level=info channel=GTV_News_HD frame=0 fps=0.0 time=00:00:25.17 speed=1.25
2025-10-29 17:06:15 level=info channel=Neo_News frame=1334 fps=62 time=00:00:26.64 speed=1.23
2025-10-29 17:06:15 level=info channel=Such_News_HD frame=603 fps=32 time=00:00:24.21 speed=1.27
2025-10-29 17:06:15 level=info channel=Samaa_News frame=0 fps=0.0 time=00:00:26.20 speed=1.24
2025-10-29 17:06:15 level=info channel=ABN_News frame=1159 fps=59 time=00:00:24.72 speed=1.26
2025-10-29 17:06:15 level=info channel=Dunya_News frame=1359 fps=60 time=00:00:27.84 speed=1.23
2025-10-29 17:06:15 level=info channel=ARY_News frame=665 fps=30 time=00:00:27.36 speed=1.23
2025-10-29 17:06:15 level=info channel=Dawn_News frame=1264 fps=61 time=00:00:25.80 speed=1.25
2025-10-29 17:06:22 level=info channel=Dunya_News frame=193 fps=0.0 time=00:00:05.64 speed=10.9
2025-10-29 17:06:22 level=info channel=Dunya_News frame=221 fps=214 time=00:00:06.12 speed=5.94
2025-10-29 17:06:22 level=info channel=ARY_News frame=116 fps=0.0 time=00:00:05.61 speed=10.8
2025-10-29 17:06:23 level=info channel=Dunya_News frame=247 fps=160 time=00:00:06.60 speed=4.27
2025-10-29 17:06:23 level=info channel=Neo_News frame=221 fps=0.0 time=00:00:05.64 speed=11
2025-10-29 17:06:23 level=info channel=ARY_News frame=130 fps=127 time=00:00:06.19 speed=6.06
2025-10-29 17:06:23 level=info channel=Neo_News frame=247 fps=240 time=00:00:06.12 speed=5.95
2025-10-29 17:06:23 level=info channel=Dunya_News frame=271 fps=131 time=00:00:07.20 speed=3.49
2025-10-29 17:06:23 level=info channel=Samaa_News frame=0 fps=0.0 time=00:00:05.61 speed=11.1
2025-10-29 17:06:23 level=info channel=ARY_News frame=143 fps=93 time=00:00:06.62 speed=4.31
2025-10-29 17:06:24 level=info channel=Dawn_News frame=206 fps=0.0 time=00:00:05.64 speed=10.9
2025-10-29 17:06:24 level=info channel=Neo_News frame=273 fps=177 time=00:00:06.60 speed=4.27
2025-10-29 17:06:24 level=info channel=Dunya_News frame=296 fps=115 time=00:00:07.68 speed=2.98
2025-10-29 17:06:24 level=info channel=Samaa_News frame=0 fps=0.0 time=00:00:06.19 speed=6.05
2025-10-29 17:06:24 level=info channel=ARY_News frame=158 fps=77 time=00:00:07.20 speed=3.51
2025-10-29 17:06:24 level=info channel=GTV_News_HD frame=0 fps=0.0 time=00:00:05.60 speed=10.6
2025-10-29 17:06:24 level=info channel=Dawn_News frame=231 fps=225 time=00:00:06.12 speed=5.95
2025-10-29 17:06:24 level=info channel=Neo_News frame=299 fps=145 time=00:00:07.20 speed=3.5
2025-10-29 17:06:24 level=info channel=Dunya_News frame=324 fps=105 time=00:00:08.16 speed=2.64
2025-10-29 17:06:24 level=info channel=ARY_News frame=171 fps=67 time=00:00:07.63 speed=2.97
2025-10-29 17:06:24 level=info channel=Samaa_News frame=0 fps=0.0 time=00:00:06.62 speed=4.3
2025-10-29 17:06:25 level=info channel=GTV_News_HD frame=0 fps=0.0 time=00:00:06.04 speed=5.86
2025-10-29 17:06:25 level=info channel=ABN_News frame=252 fps=0.0 time=00:00:05.64 speed=11.2
2025-10-29 17:06:25 level=info channel=Dawn_News frame=253 fps=164 time=00:00:06.60 speed=4.27
2025-10-29 17:06:25 level=info channel=Dunya_News frame=343 fps=95 time=00:00:08.76 speed=2.44
2025-10-29 17:06:25 level=info channel=Neo_News frame=324 fps=126 time=00:00:07.68 speed=3
2025-10-29 17:06:25 level=info channel=ARY_News frame=179 fps=58 time=00:00:08.20 speed=2.66
2025-10-29 17:06:25 level=info channel=Samaa_News frame=0 fps=0.0 time=00:00:07.20 speed=3.5
2025-10-29 17:06:25 level=info channel=GTV_News_HD frame=0 fps=0.0 time=00:00:06.62 speed=4.28
2025-10-29 17:06:25 level=info channel=Such_News_HD frame=116 fps=0.0 time=00:00:05.59 speed=11
2025-10-29 17:06:25 level=info channel=ABN_News frame=264 fps=257 time=00:00:06.12 speed=5.95
2025-10-29 17:06:25 level=info channel=Neo_News frame=349 fps=113 time=00:00:08.16 speed=2.65
2025-10-29 17:06:25 level=info channel=Dawn_News frame=265 fps=128 time=00:00:07.20 speed=3.49
2025-10-29 17:06:25 level=info channel=Dunya_News frame=370 fps=90 time=00:00:09.24 speed=2.25
2025-10-29 17:06:25 level=info channel=Samaa_News frame=0 fps=0.0 time=00:00:07.63 speed=2.97
2025-10-29 17:06:26 level=info channel=ARY_News frame=194 fps=54 time=00:00:08.78 speed=2.44
2025-10-29 17:06:26 level=info channel=GTV_News_HD frame=0 fps=0.0 time=00:00:07.17 speed=3.47
2025-10-29 17:06:26 level=info channel=Such_News_HD frame=127 fps=124 time=00:00:06.12 speed=5.97
2025-10-29 17:06:26 level=info channel=ABN_News frame=301 fps=195 time=00:00:06.60 speed=4.29
2025-10-29 17:06:26 level=info channel=Dawn_News frame=292 fps=114 time=00:00:07.68 speed=2.99
2025-10-29 17:06:26 level=info channel=Neo_News frame=375 fps=104 time=00:00:08.64 speed=2.4
2025-10-29 17:06:26 level=info channel=Dunya_News frame=399 fps=86 time=00:00:09.72 speed=2.1
2025-10-29 17:06:26 level=info channel=Samaa_News frame=0 fps=0.0 time=00:00:08.20 speed=2.66
2025-10-29 17:06:26 level=info channel=ARY_News frame=208 fps=51 time=00:00:09.21 speed=2.24
2025-10-29 17:06:26 level=info channel=GTV_News_HD frame=0 fps=0.0 time=00:00:07.67 speed=2.98
2025-10-29 17:06:26 level=info channel=Such_News_HD frame=143 fps=93 time=00:00:06.62 speed=4.3
2025-10-29 17:06:26 level=info channel=ABN_News frame=319 fps=155 time=00:00:07.20 speed=3.49
2025-10-29 17:06:26 level=info channel=Dawn_News frame=334 fps=108 time=00:00:08.16 speed=2.64
2025-10-29 17:06:26 level=info channel=Dunya_News frame=424 fps=82 time=00:00:10.20 speed=1.98
2025-10-29 17:06:26 level=info channel=Neo_News frame=399 fps=97 time=00:00:09.24 speed=2.25
2025-10-29 17:06:27 level=info channel=Samaa_News frame=0 fps=0.0 time=00:00:08.78 speed=2.44
2025-10-29 17:06:27 level=info channel=ARY_News frame=217 fps=47 time=00:00:09.79 speed=2.11
2025-10-29 17:06:27 level=info channel=GTV_News_HD frame=0 fps=0.0 time=00:00:08.18 speed=2.64
2025-10-29 17:06:27 level=info channel=Such_News_HD frame=156 fps=76 time=00:00:07.15 speed=3.47
2025-10-29 17:06:27 level=info channel=ABN_News frame=352 fps=136 time=00:00:07.68 speed=2.98
2025-10-29 17:06:27 level=info channel=Dawn_News frame=360 fps=100 time=00:00:08.76 speed=2.42
2025-10-29 17:06:27 level=info channel=Dunya_News frame=452 fps=80 time=00:00:10.80 speed=1.91
2025-10-29 17:06:27 level=info channel=Neo_News frame=428 fps=92 time=00:00:09.72 speed=2.1
2025-10-29 17:06:27 level=info channel=Samaa_News frame=0 fps=0.0 time=00:00:09.21 speed=2.23
2025-10-29 17:06:27 level=info channel=ARY_News frame=233 fps=45 time=00:00:10.22 speed=1.98
2025-10-29 17:06:27 level=info channel=GTV_News_HD frame=0 fps=0.0 time=00:00:08.71 speed=2.41
2025-10-29 17:06:27 level=info channel=Such_News_HD frame=167 fps=65 time=00:00:07.68 speed=2.98
2025-10-29 17:06:27 level=info channel=ABN_News frame=383 fps=124 time=00:00:08.16 speed=2.65
2025-10-29 17:06:27 level=info channel=Dawn_News frame=384 fps=93 time=00:00:09.24 speed=2.24
2025-10-29 17:06:27 level=info channel=Dunya_News frame=469 fps=76 time=00:00:11.28 speed=1.83
2025-10-29 17:06:27 level=info channel=Neo_News frame=453 fps=88 time=00:00:10.20 speed=1.98
2025-10-29 17:06:28 level=info channel=ARY_News frame=248 fps=44 time=00:00:10.80 speed=1.9
2025-10-29 17:06:28 level=info channel=Samaa_News frame=0 fps=0.0 time=00:00:09.79 speed=2.11
2025-10-29 17:06:28 level=info channel=GTV_News_HD frame=0 fps=0.0 time=00:00:09.20 speed=2.23
2025-10-29 17:06:28 level=info channel=Such_News_HD frame=181 fps=58 time=00:00:08.16 speed=2.64
2025-10-29 17:06:28 level=info channel=ABN_News frame=399 fps=111 time=00:00:08.76 speed=2.44
2025-10-29 17:06:28 level=info channel=Dawn_News frame=412 fps=89 time=00:00:09.72 speed=2.09
2025-10-29 17:06:28 level=info channel=Neo_News frame=479 fps=85 time=00:00:10.80 speed=1.91
2025-10-29 17:06:28 level=info channel=Dunya_News frame=495 fps=74 time=00:00:11.76 speed=1.76
2025-10-29 17:06:28 level=info channel=ARY_News frame=260 fps=42 time=00:00:11.23 speed=1.82
2025-10-29 17:06:28 level=info channel=Samaa_News frame=0 fps=0.0 time=00:00:10.22 speed=1.98
2025-10-29 17:06:48 level=info channel=Such_News_HD frame=120 fps=0.0 time=00:00:05.59 speed=11.1
2025-10-29 17:06:48 level=info channel=Such_News_HD frame=138 fps=135 time=00:00:06.09 speed=5.98
2025-10-29 17:06:49 level=info channel=Such_News_HD frame=147 fps=96 time=00:00:06.62 speed=4.31
2025-10-29 17:06:49 level=info channel=Dunya_News frame=277 fps=0.0 time=00:00:05.64 speed=10.8
2025-10-29 17:06:49 level=info channel=Such_News_HD frame=163 fps=79 time=00:00:07.15 speed=3.48
2025-10-29 17:06:50 level=info channel=ARY_News frame=107 fps=0.0 time=00:00:05.61 speed=11
2025-10-29 17:06:50 level=info channel=Such_News_HD frame=172 fps=67 time=00:00:07.63 speed=2.97
2025-10-29 17:06:51 level=info channel=Such_News_HD frame=191 fps=62 time=00:00:08.16 speed=2.64
2025-10-29 17:06:51 level=info channel=Neo_News frame=223 fps=0.0 time=00:00:05.64 speed=11.1
2025-10-29 17:06:51 level=info channel=Dawn_News frame=256 fps=0.0 time=00:00:05.64 speed=11.2
2025-10-29 17:06:51 level=info channel=Such_News_HD frame=199 fps=55 time=00:00:08.66 speed=2.41
2025-10-29 17:06:51 level=info channel=Such_News_HD frame=207 fps=50 time=00:00:09.19 speed=2.24
2025-10-29 17:06:52 level=info channel=ABN_News frame=219 fps=0.0 time=00:00:05.64 speed=11.1
2025-10-29 17:06:52 level=info channel=Such_News_HD frame=223 fps=48 time=00:00:09.72 speed=2.1
2025-10-29 17:06:52 level=info channel=Such_News_HD frame=239 fps=46 time=00:00:10.22 speed=1.99
2025-10-29 17:06:53 level=info channel=Such_News_HD frame=254 fps=45 time=00:00:10.75 speed=1.9
2025-10-29 17:06:53 level=info channel=Such_News_HD frame=267 fps=43 time=00:00:11.28 speed=1.82
2025-10-29 17:06:54 level=info channel=Such_News_HD frame=283 fps=42 time=00:00:11.80 speed=1.75
2025-10-29 17:06:54 level=info channel=ARY_News frame=236 fps=42 time=00:00:10.80 speed=1.9
2025-10-29 17:06:54 level=info channel=ARY_News frame=336 fps=34 time=00:00:14.83 speed=1.51
2025-10-29 17:06:55 level=info channel=Such_News_HD frame=295 fps=41 time=00:00:12.33 speed=1.7
2025-10-29 17:06:55 level=info channel=Such_News_HD frame=310 fps=40 time=00:00:12.81 speed=1.65
2025-10-29 17:06:56 level=info channel=Such_News_HD frame=323 fps=39 time=00:00:13.34 speed=1.61
2025-10-29 17:06:56 level=info channel=Such_News_HD frame=335 fps=38 time=00:00:13.87 speed=1.58
2025-10-29 17:06:57 level=info channel=Dawn_News frame=490 fps=95 time=00:00:10.20 speed=1.98
2025-10-29 17:06:57 level=info channel=ARY_News frame=350 fps=34 time=00:00:15.40 speed=1.49
2025-10-29 17:06:57 level=info channel=Samaa_News frame=0 fps=0.0 time=00:00:05.47 speed=10.7
2025-10-29 17:06:57 level=info channel=ABN_News frame=455 fps=88 time=00:00:10.20 speed=1.98
2025-10-29 17:06:57 level=info channel=Neo_News frame=505 fps=82 time=00:00:11.28 speed=1.83
2025-10-29 17:06:57 level=info channel=GTV_News_HD frame=0 fps=0.0 time=00:00:05.52 speed=10.8
2025-10-29 17:06:57 level=info channel=Dunya_News frame=527 fps=93 time=00:00:10.80 speed=1.9
